<?xml version="1.0" encoding="UTF-8"?>
<testsuite xmlns:xsi="http://www.w3.org/2001/XMLSchema-instance" xsi:schemaLocation="https://maven.apache.org/surefire/maven-surefire-plugin/xsd/surefire-test-report.xsd" name="ues.edu.sv.tpi135_ingenieria.mantenimiento.LectorTest" time="0.81" tests="5" errors="0" skipped="0" failures="4">
  <properties>
[...]
</properties>
  <testcase name="testValidarPath" classname="ues.edu.sv.tpi135_ingenieria.mantenimiento.LectorTest" time="0.048">
    <failure message="expected:&lt;true&gt; but was:&lt;false&gt;" type="java.lang.AssertionError"><![CDATA[java.lang.AssertionError: expected:<true> but was:<false>
	at ues.edu.sv.tpi135_ingenieria.mantenimiento.LectorTest.testValidarPath(LectorTest.java:55)
]]></failure>
    <system-out><![CDATA[validarPath
]]></system-out>
  </testcase>
  <testcase name="testSeparador" classname="ues.edu.sv.tpi135_ingenieria.mantenimiento.LectorTest" time="0.002"/>
  <testcase name="testLeerArchivo" classname="ues.edu.sv.tpi135_ingenieria.mantenimiento.LectorTest" time="0.507">
    <failure message="expected:&lt;[[sh*t,  the world is already gone], [hola,  mundo]]&gt; but was:&lt;[]&gt;" type="java.lang.AssertionError">java.lang.AssertionError: expected:&lt;[[sh*t,  the world is already gone], [hola,  mundo]]&gt; but was:&lt;[]&gt;	at ues.edu.sv.tpi135_ingenieria.mantenimiento.LectorTest.testLeerArchivo(LectorTest.java:103)</failure>
    <system-out><![CDATA[leerArchivo
]]></system-out>
    <system-err><![CDATA[mar 14, 2018 10:55:52 PM ues.edu.sv.tpi135_ingenieria.mantenimiento.Lector obtenerArchivos
GRAVE: null
java.nio.file.NoSuchFileException: /src/recursos
	at sun.nio.fs.UnixException.translateToIOException(UnixException.java:86)
	at sun.nio.fs.UnixException.rethrowAsIOException(UnixException.java:102)
	at sun.nio.fs.UnixException.rethrowAsIOException(UnixException.java:107)
	at sun.nio.fs.UnixFileAttributeViews$Basic.readAttributes(UnixFileAttributeViews.java:55)
	at sun.nio.fs.UnixFileSystemProvider.readAttributes(UnixFileSystemProvider.java:144)
	at sun.nio.fs.LinuxFileSystemProvider.readAttributes(LinuxFileSystemProvider.java:99)
	at java.nio.file.Files.readAttributes(Files.java:1737)
	at java.nio.file.FileTreeWalker.getAttributes(FileTreeWalker.java:219)
	at java.nio.file.FileTreeWalker.visit(FileTreeWalker.java:276)
	at java.nio.file.FileTreeWalker.walk(FileTreeWalker.java:322)
	at java.nio.file.FileTreeIterator.<init>(FileTreeIterator.java:72)
	at java.nio.file.Files.walk(Files.java:3574)
	at java.nio.file.Files.walk(Files.java:3625)
	at ues.edu.sv.tpi135_ingenieria.mantenimiento.Lector.obtenerArchivos(Lector.java:61)
	at ues.edu.sv.tpi135_ingenieria.mantenimiento.LectorTest.testLeerArchivo(LectorTest.java:97)
	at sun.reflect.NativeMethodAccessorImpl.invoke0(Native Method)
	at sun.reflect.NativeMethodAccessorImpl.invoke(NativeMethodAccessorImpl.java:62)
	at sun.reflect.DelegatingMethodAccessorImpl.invoke(DelegatingMethodAccessorImpl.java:43)
	at java.lang.reflect.Method.invoke(Method.java:498)
	at org.junit.runners.model.FrameworkMethod$1.runReflectiveCall(FrameworkMethod.java:50)
	at org.junit.internal.runners.model.ReflectiveCallable.run(ReflectiveCallable.java:12)
	at org.junit.runners.model.FrameworkMethod.invokeExplosively(FrameworkMethod.java:47)
	at org.junit.internal.runners.statements.InvokeMethod.evaluate(InvokeMethod.java:17)
	at org.junit.internal.runners.statements.RunBefores.evaluate(RunBefores.java:26)
	at org.junit.internal.runners.statements.RunAfters.evaluate(RunAfters.java:27)
	at org.junit.runners.ParentRunner.runLeaf(ParentRunner.java:325)
	at org.junit.runners.BlockJUnit4ClassRunner.runChild(BlockJUnit4ClassRunner.java:78)
	at org.junit.runners.BlockJUnit4ClassRunner.runChild(BlockJUnit4ClassRunner.java:57)
	at org.junit.runners.ParentRunner$3.run(ParentRunner.java:290)
	at org.junit.runners.ParentRunner$1.schedule(ParentRunner.java:71)
	at org.junit.runners.ParentRunner.runChildren(ParentRunner.java:288)
	at org.junit.runners.ParentRunner.access$000(ParentRunner.java:58)
	at org.junit.runners.ParentRunner$2.evaluate(ParentRunner.java:268)
	at org.junit.internal.runners.statements.RunBefores.evaluate(RunBefores.java:26)
	at org.junit.internal.runners.statements.RunAfters.evaluate(RunAfters.java:27)
	at org.junit.runners.ParentRunner.run(ParentRunner.java:363)
	at org.apache.maven.surefire.junit4.JUnit4Provider.execute(JUnit4Provider.java:367)
	at org.apache.maven.surefire.junit4.JUnit4Provider.executeWithRerun(JUnit4Provider.java:274)
	at org.apache.maven.surefire.junit4.JUnit4Provider.executeTestSet(JUnit4Provider.java:238)
	at org.apache.maven.surefire.junit4.JUnit4Provider.invoke(JUnit4Provider.java:161)
	at org.apache.maven.surefire.booter.ForkedBooter.invokeProviderInSameClassLoader(ForkedBooter.java:290)
	at org.apache.maven.surefire.booter.ForkedBooter.runSuitesInProcess(ForkedBooter.java:242)
	at org.apache.maven.surefire.booter.ForkedBooter.main(ForkedBooter.java:121)

]]></system-err>
  </testcase>
  <testcase name="testValidarPathDirectorio" classname="ues.edu.sv.tpi135_ingenieria.mantenimiento.LectorTest" time="0.003">
    <failure message="expected:&lt;true&gt; but was:&lt;false&gt;" type="java.lang.AssertionError"><![CDATA[java.lang.AssertionError: expected:<true> but was:<false>
	at ues.edu.sv.tpi135_ingenieria.mantenimiento.LectorTest.testValidarPathDirectorio(LectorTest.java:69)
]]></failure>
    <system-out><![CDATA[validarPathDirectorio
]]></system-out>
  </testcase>
  <testcase name="testObtenerArchivos" classname="ues.edu.sv.tpi135_ingenieria.mantenimiento.LectorTest" time="0.017">
    <failure message="expected:&lt;[/home/airmind/text2.csv, /home/airmind/text.csv]&gt; but was:&lt;[]&gt;" type="java.lang.AssertionError"><![CDATA[java.lang.AssertionError: expected:<[/home/airmind/text2.csv, /home/airmind/text.csv]> but was:<[]>
	at ues.edu.sv.tpi135_ingenieria.mantenimiento.LectorTest.testObtenerArchivos(LectorTest.java:86)
]]></failure>
    <system-out><![CDATA[obtenerArchivos
]]></system-out>
    <system-err><![CDATA[mar 14, 2018 10:55:52 PM ues.edu.sv.tpi135_ingenieria.mantenimiento.Lector obtenerArchivos
GRAVE: null
java.nio.file.NoSuchFileException: /src/recursos
	at sun.nio.fs.UnixException.translateToIOException(UnixException.java:86)
	at sun.nio.fs.UnixException.rethrowAsIOException(UnixException.java:102)
	at sun.nio.fs.UnixException.rethrowAsIOException(UnixException.java:107)
	at sun.nio.fs.UnixFileAttributeViews$Basic.readAttributes(UnixFileAttributeViews.java:55)
	at sun.nio.fs.UnixFileSystemProvider.readAttributes(UnixFileSystemProvider.java:144)
	at sun.nio.fs.LinuxFileSystemProvider.readAttributes(LinuxFileSystemProvider.java:99)
	at java.nio.file.Files.readAttributes(Files.java:1737)
	at java.nio.file.FileTreeWalker.getAttributes(FileTreeWalker.java:219)
	at java.nio.file.FileTreeWalker.visit(FileTreeWalker.java:276)
	at java.nio.file.FileTreeWalker.walk(FileTreeWalker.java:322)
	at java.nio.file.FileTreeIterator.<init>(FileTreeIterator.java:72)
	at java.nio.file.Files.walk(Files.java:3574)
	at java.nio.file.Files.walk(Files.java:3625)
	at ues.edu.sv.tpi135_ingenieria.mantenimiento.Lector.obtenerArchivos(Lector.java:61)
	at ues.edu.sv.tpi135_ingenieria.mantenimiento.LectorTest.testObtenerArchivos(LectorTest.java:85)
	at sun.reflect.NativeMethodAccessorImpl.invoke0(Native Method)
	at sun.reflect.NativeMethodAccessorImpl.invoke(NativeMethodAccessorImpl.java:62)
	at sun.reflect.DelegatingMethodAccessorImpl.invoke(DelegatingMethodAccessorImpl.java:43)
	at java.lang.reflect.Method.invoke(Method.java:498)
	at org.junit.runners.model.FrameworkMethod$1.runReflectiveCall(FrameworkMethod.java:50)
	at org.junit.internal.runners.model.ReflectiveCallable.run(ReflectiveCallable.java:12)
	at org.junit.runners.model.FrameworkMethod.invokeExplosively(FrameworkMethod.java:47)
	at org.junit.internal.runners.statements.InvokeMethod.evaluate(InvokeMethod.java:17)
	at org.junit.internal.runners.statements.RunBefores.evaluate(RunBefores.java:26)
	at org.junit.internal.runners.statements.RunAfters.evaluate(RunAfters.java:27)
	at org.junit.runners.ParentRunner.runLeaf(ParentRunner.java:325)
	at org.junit.runners.BlockJUnit4ClassRunner.runChild(BlockJUnit4ClassRunner.java:78)
	at org.junit.runners.BlockJUnit4ClassRunner.runChild(BlockJUnit4ClassRunner.java:57)
	at org.junit.runners.ParentRunner$3.run(ParentRunner.java:290)
	at org.junit.runners.ParentRunner$1.schedule(ParentRunner.java:71)
	at org.junit.runners.ParentRunner.runChildren(ParentRunner.java:288)
	at org.junit.runners.ParentRunner.access$000(ParentRunner.java:58)
	at org.junit.runners.ParentRunner$2.evaluate(ParentRunner.java:268)
	at org.junit.internal.runners.statements.RunBefores.evaluate(RunBefores.java:26)
	at org.junit.internal.runners.statements.RunAfters.evaluate(RunAfters.java:27)
	at org.junit.runners.ParentRunner.run(ParentRunner.java:363)
	at org.apache.maven.surefire.junit4.JUnit4Provider.execute(JUnit4Provider.java:367)
	at org.apache.maven.surefire.junit4.JUnit4Provider.executeWithRerun(JUnit4Provider.java:274)
	at org.apache.maven.surefire.junit4.JUnit4Provider.executeTestSet(JUnit4Provider.java:238)
	at org.apache.maven.surefire.junit4.JUnit4Provider.invoke(JUnit4Provider.java:161)
	at org.apache.maven.surefire.booter.ForkedBooter.invokeProviderInSameClassLoader(ForkedBooter.java:290)
	at org.apache.maven.surefire.booter.ForkedBooter.runSuitesInProcess(ForkedBooter.java:242)
	at org.apache.maven.surefire.booter.ForkedBooter.main(ForkedBooter.java:121)

]]></system-err>
  </testcase>
</testsuite>