<?xml version="1.0" encoding="UTF-8"?>
<testsuite xmlns:xsi="http://www.w3.org/2001/XMLSchema-instance" xsi:schemaLocation="https://maven.apache.org/surefire/maven-surefire-plugin/xsd/surefire-test-report.xsd" name="ues.edu.sv.tpi135_ingenieria.mantenimiento.LectorTest" time="0.308" tests="5" errors="0" skipped="0" failures="1">
  <properties>
[...]
</properties>
  <testcase name="testSeparador" classname="ues.edu.sv.tpi135_ingenieria.mantenimiento.LectorTest" time="0.02"/>
  <testcase name="crearArchivosTemp" classname="ues.edu.sv.tpi135_ingenieria.mantenimiento.LectorTest" time="0.001"/>
  <testcase name="testVerificarPath" classname="ues.edu.sv.tpi135_ingenieria.mantenimiento.LectorTest" time="0.005"/>
  <testcase name="testLeerArchivo" classname="ues.edu.sv.tpi135_ingenieria.mantenimiento.LectorTest" time="0.003"/>
  <testcase name="testObtenerArchivos" classname="ues.edu.sv.tpi135_ingenieria.mantenimiento.LectorTest" time="0.159">
    <failure message="expected:&lt;[src/recursos/texto_prueba.csv, src/recursos/texto.csv]&gt; but was:&lt;[/home/kevin/NetBeansProjects/TPI2018/mantenimiento/src/recursos/texto_prueba.csv, /home/kevin/NetBeansProjects/TPI2018/mantenimiento/src/recursos/texto.csv]&gt;" type="java.lang.AssertionError"><![CDATA[java.lang.AssertionError: expected:<[src/recursos/texto_prueba.csv, src/recursos/texto.csv]> but was:<[/home/kevin/NetBeansProjects/TPI2018/mantenimiento/src/recursos/texto_prueba.csv, /home/kevin/NetBeansProjects/TPI2018/mantenimiento/src/recursos/texto.csv]>
	at ues.edu.sv.tpi135_ingenieria.mantenimiento.LectorTest.testObtenerArchivos(LectorTest.java:116)
]]></failure>
    <system-out><![CDATA[obtenerArchivos
]]></system-out>
  </testcase>
</testsuite>
